<?xml version="1.0" encoding="UTF-8"?>
<!-- Generated by org.testng.reporters.JUnitReportReporter -->
<testsuite hostname="01HW2308171.local" failures="0" tests="1" name="com.Practise.testCases.TC_Login" time="23.465" errors="0" timestamp="2023-06-06T16:37:38 GMT-07:00" skipped="0">
  <testcase classname="com.Practise.testCases.TC_Login" name="LoginPage" time="23.465"/>
  <system-out/>
</testsuite> <!-- com.Practise.testCases.TC_Login -->
