<?xml version="1.0" encoding="UTF-8"?>
<!-- Generated by org.testng.reporters.JUnitReportReporter -->
<testsuite hostname="01HW2308171.local" failures="0" tests="1" name="com.Practise.testCases.TC_NewCustomer_002" time="51.357" errors="0" timestamp="2023-06-07T12:43:56 GMT-07:00" skipped="0">
  <testcase classname="com.Practise.testCases.TC_NewCustomer_002" name="NewCutomer_Test" time="51.357"/>
  <system-out/>
</testsuite> <!-- com.Practise.testCases.TC_NewCustomer_002 -->
