<?xml version="1.0" encoding="UTF-8"?>
<!-- Generated by org.testng.reporters.JUnitReportReporter -->
<testsuite hostname="01HW2308171.local" failures="0" tests="1" name="com.Practise.testCases.TC_NewCustomer" time="19.122" errors="0" timestamp="2023-06-06T20:58:34 GMT-07:00" skipped="0">
  <testcase classname="com.Practise.testCases.TC_NewCustomer" name="NewCutomer_Test" time="19.122"/>
  <system-out/>
</testsuite> <!-- com.Practise.testCases.TC_NewCustomer -->
